<?xml version="1.0" encoding="UTF-8"?>
<testng-results skipped="0" failed="0" ignored="0" total="0" passed="0">
  <reporter-output>
  </reporter-output>
  <suite name="RunCukesTest" duration-ms="4" started-at="2018-02-18T07:59:41Z" finished-at="2018-02-18T07:59:41Z">
    <groups>
    </groups>
    <test name="Command line test" duration-ms="4" started-at="2018-02-18T07:59:41Z" finished-at="2018-02-18T07:59:41Z">
    </test> <!-- Command line test -->
  </suite> <!-- RunCukesTest -->
</testng-results>
